/home/zodd/.config/bspwm/bspborders: line 3: /home/zodd/.scripts/colors: No such file or directory
/home/zodd/.config/bspwm/bspborders: line 3: /home/zodd/.scripts/colors: No such file or directory
polybar|notice:  Parsing config file: /home/zodd/.config/polybar/config
polybar|warn:  No monitor specified, using "DP-2"
polybar|notice:  pulseaudio: using default sink alsa_output.pci-0000_00_1f.3.iec958-stereo
polybar|notice:  Loaded font "Iosevka Semibold:size=10" (name=Iosevka, offset=3, file=/home/zodd/.fonts/iosevka-semibold.ttf)
polybar|notice:  Loaded font "SauceCodePro Nerd Font Mono:size=20" (name=SauceCodePro Nerd Font Mono, offset=5, file=/usr/local/share/fonts/s/Sauce_Code_Pro_Nerd_Font_Complete_Mono.ttf)
polybar|notice:  Loaded font "Material Icons:pixelsize=15" (name=Material Icons, offset=5, file=/usr/share/fonts/ttf-material-design-icons/MaterialIcons-Regular.ttf)
polybar|notice:  Loaded font "Sinji:pixelsize=15" (name=DejaVu Sans, offset=5, file=/usr/share/fonts/TTF/DejaVuSans.ttf)
polybar|notice:  Loaded font "Togalite medium:pixelsize=11" (name=Togalite, offset=2, file=/home/zodd/.fonts/togalite-medium.otf)
desktop: Unknown command: '--follow'.
chwb2: warning: pixmap is greater than border size
chwb2: warning: pixmap is greater than border size
chwb2: warning: pixmap is greater than border size
chwb2: warning: pixmap is greater than border size
chwb2: warning: pixmap is greater than border size
chwb2: warning: pixmap is greater than border size
chwb2: warning: pixmap is greater than border size
chwb2: warning: pixmap is greater than border size
chwb2: warning: pixmap is greater than border size
chwb2: warning: pixmap is greater than border size
chwb2: warning: pixmap is greater than border size
chwb2: warning: pixmap is greater than border size
chwb2: warning: pixmap is greater than border size
chwb2: warning: pixmap is greater than border size
chwb2: warning: pixmap is greater than border size
chwb2: warning: pixmap is greater than border size
kitty
chwb2: warning: pixmap is greater than border size
chwb2: warning: pixmap is greater than border size
chwb2: warning: pixmap is greater than border size
chwb2: warning: pixmap is greater than border size
chwb2: warning: pixmap is greater than border size
chwb2: warning: pixmap is greater than border size
kitty
chwb2: warning: pixmap is greater than border size
chwb2: warning: pixmap is greater than border size
chwb2: warning: pixmap is greater than border size
chwb2: warning: pixmap is greater than border size
chwb2: warning: pixmap is greater than border size
chwb2: warning: pixmap is greater than border size
chwb2: warning: pixmap is greater than border size
chwb2: warning: pixmap is greater than border size
chwb2: chwb2: warning: pixmap is greater than border size
warning: pixmap is greater than border size
chwb2: warning: pixmap is greater than border size
chwb2: warning: pixmap is greater than border size
chwb2: warning: pixmap is greater than border size
chwb2: warning: pixmap is greater than border size
chwb2: warning: pixmap is greater than border size
chwb2: warning: pixmap is greater than border size
chwb2: warning: pixmap is greater than border size
chwb2: warning: pixmap is greater than border size
polybar|notice:  Parsing config file: /home/zodd/.config/polybar/config
polybar|warn:  No monitor specified, using "DP-2"
polybar|notice:  pulseaudio: using default sink alsa_output.pci-0000_00_1f.3.iec958-stereo
polybar|notice:  Loaded font "Inconsolata CondensedBlack:size=13" (name=Inconsolata, offset=3, file=/home/zodd/.fonts/InconsolataCondensed-Black.ttf)
polybar|notice:  Loaded font "SauceCodePro Nerd Font Mono:size=22" (name=SauceCodePro Nerd Font Mono, offset=6, file=/usr/local/share/fonts/s/Sauce_Code_Pro_Nerd_Font_Complete_Mono.ttf)
polybar|notice:  Loaded font "Material Icons:pixelsize=15" (name=Material Icons, offset=5, file=/usr/share/fonts/ttf-material-design-icons/MaterialIcons-Regular.ttf)
polybar|notice:  Loaded font "Sinji:pixelsize=15" (name=DejaVu Sans, offset=5, file=/usr/share/fonts/TTF/DejaVuSans.ttf)
polybar|notice:  Loaded font "Togalite medium:pixelsize=11" (name=Togalite, offset=2, file=/home/zodd/.fonts/togalite-medium.otf)
kitty
kitty
polybar|notice:  Parsing config file: /home/zodd/.config/polybar/config
polybar|warn:  No monitor specified, using "DP-2"
polybar|error: Invalid value for "module/bspwm.label-focused-background", using default value (reason: The reference ${colors.black} does not exist (no fallback set))
polybar|error: Invalid value for "module/bspwm.label-occupied-background", using default value (reason: The reference ${colors.black} does not exist (no fallback set))
polybar|error: Invalid value for "module/bspwm.label-urgent-background", using default value (reason: The reference ${colors.black} does not exist (no fallback set))
polybar|error: Invalid value for "module/bspwm.label-empty-background", using default value (reason: The reference ${colors.black} does not exist (no fallback set))
polybar|notice:  pulseaudio: using default sink alsa_output.pci-0000_00_1f.3.iec958-stereo
polybar|notice:  Loaded font "Inconsolata CondensedBlack:size=12" (name=Inconsolata, offset=3, file=/home/zodd/.fonts/InconsolataCondensed-Black.ttf)
polybar|notice:  Loaded font "SauceCodePro Nerd Font Mono:size=20" (name=SauceCodePro Nerd Font Mono, offset=5, file=/usr/local/share/fonts/s/Sauce_Code_Pro_Nerd_Font_Complete_Mono.ttf)
polybar|notice:  Loaded font "Material Icons:pixelsize=15" (name=Material Icons, offset=5, file=/usr/share/fonts/ttf-material-design-icons/MaterialIcons-Regular.ttf)
polybar|notice:  Loaded font "Sinji:pixelsize=15" (name=DejaVu Sans, offset=5, file=/usr/share/fonts/TTF/DejaVuSans.ttf)
polybar|notice:  Loaded font "Togalite medium:pixelsize=11" (name=Togalite, offset=2, file=/home/zodd/.fonts/togalite-medium.otf)
kitty
/home/zodd/.config/bspwm/bspborders: line 3: /home/zodd/.scripts/colors: No such file or directory
/home/zodd/.config/bspwm/bspborders: line 3: /home/zodd/.scripts/colors: No such file or directory
polybar|notice:  Parsing config file: /home/zodd/.config/polybar/config
polybar|warn:  No monitor specified, using "DP-2"
polybar|notice:  pulseaudio: using default sink alsa_output.pci-0000_00_1f.3.iec958-stereo
polybar|notice:  Loaded font "Iosevka Semibold:size=10" (name=Iosevka, offset=3, file=/home/zodd/.fonts/iosevka-semibold.ttf)
polybar|notice:  Loaded font "SauceCodePro Nerd Font Mono:size=20" (name=SauceCodePro Nerd Font Mono, offset=5, file=/usr/local/share/fonts/s/Sauce_Code_Pro_Nerd_Font_Complete_Mono.ttf)
polybar|notice:  Loaded font "Material Icons:pixelsize=15" (name=Material Icons, offset=5, file=/usr/share/fonts/ttf-material-design-icons/MaterialIcons-Regular.ttf)
polybar|notice:  Loaded font "Sinji:pixelsize=15" (name=DejaVu Sans, offset=5, file=/usr/share/fonts/TTF/DejaVuSans.ttf)
polybar|notice:  Loaded font "Togalite medium:pixelsize=11" (name=Togalite, offset=2, file=/home/zodd/.fonts/togalite-medium.otf)
chwb2: warning: pixmap is greater than border size
chwb2: warning: pixmap is greater than border size
chwb2: warning: pixmap is greater than border size
chwb2: warning: pixmap is greater than border size
chwb2: warning: pixmap is greater than border size
chwb2: warning: pixmap is greater than border size
chwb2: warning: pixmap is greater than border size
chwb2: warning: pixmap is greater than border size
chwb2: chwb2: warning: pixmap is greater than border size
warning: pixmap is greater than border size
chwb2: warning: pixmap is greater than border size
chwb2: warning: pixmap is greater than border size
kitty
chwb2: warning: pixmap is greater than border size
chwb2: warning: pixmap is greater than border size
chwb2: warning: pixmap is greater than border size
chwb2: warning: pixmap is greater than border size
chwb2: warning: pixmap is greater than border size
chwb2: warning: pixmap is greater than border size
chwb2: warning: pixmap is greater than border size
chwb2: warning: pixmap is greater than border size
chwb2: warning: pixmap is greater than border size
chwb2: warning: pixmap is greater than border size
kitty
chwb2: warning: pixmap is greater than border size
chwb2: warning: pixmap is greater than border size
chwb2: warning: pixmap is greater than border size
chwb2: warning: pixmap is greater than border size
chwb2: warning: pixmap is greater than border size
chwb2: warning: pixmap is greater than border size
chwb2: warning: pixmap is greater than border size
chwb2: warning: pixmap is greater than border size
chwb2: chwb2: warning: pixmap is greater than border size
warning: pixmap is greater than border size
chwb2: warning: pixmap is greater than border size
chwb2: warning: pixmap is greater than border size
chwb2: warning: pixmap is greater than border size
chwb2: warning: pixmap is greater than border size
chwb2: warning: pixmap is greater than border size
chwb2: warning: pixmap is greater than border size
polybar|notice:  Parsing config file: /home/zodd/.config/polybar/config
polybar|warn:  No monitor specified, using "DP-2"
polybar|notice:  pulseaudio: using default sink alsa_output.pci-0000_00_1f.3.iec958-stereo
polybar|notice:  Loaded font "Inconsolata CondensedBlack:size=13" (name=Inconsolata, offset=3, file=/home/zodd/.fonts/InconsolataCondensed-Black.ttf)
polybar|notice:  Loaded font "SauceCodePro Nerd Font Mono:size=22" (name=SauceCodePro Nerd Font Mono, offset=6, file=/usr/local/share/fonts/s/Sauce_Code_Pro_Nerd_Font_Complete_Mono.ttf)
polybar|notice:  Loaded font "Material Icons:pixelsize=15" (name=Material Icons, offset=5, file=/usr/share/fonts/ttf-material-design-icons/MaterialIcons-Regular.ttf)
polybar|notice:  Loaded font "Sinji:pixelsize=15" (name=DejaVu Sans, offset=5, file=/usr/share/fonts/TTF/DejaVuSans.ttf)
polybar|notice:  Loaded font "Togalite medium:pixelsize=11" (name=Togalite, offset=2, file=/home/zodd/.fonts/togalite-medium.otf)
kitty
polybar|notice:  Parsing config file: /home/zodd/.config/polybar/config
polybar|warn:  No monitor specified, using "DP-2"
polybar|error: Invalid value for "module/bspwm.label-focused-background", using default value (reason: The reference ${colors.black} does not exist (no fallback set))
polybar|error: Invalid value for "module/bspwm.label-occupied-background", using default value (reason: The reference ${colors.black} does not exist (no fallback set))
polybar|error: Invalid value for "module/bspwm.label-urgent-background", using default value (reason: The reference ${colors.black} does not exist (no fallback set))
polybar|error: Invalid value for "module/bspwm.label-empty-background", using default value (reason: The reference ${colors.black} does not exist (no fallback set))
polybar|notice:  pulseaudio: using default sink alsa_output.pci-0000_00_1f.3.iec958-stereo
polybar|notice:  Loaded font "Inconsolata CondensedBlack:size=12" (name=Inconsolata, offset=3, file=/home/zodd/.fonts/InconsolataCondensed-Black.ttf)
polybar|notice:  Loaded font "SauceCodePro Nerd Font Mono:size=20" (name=SauceCodePro Nerd Font Mono, offset=5, file=/usr/local/share/fonts/s/Sauce_Code_Pro_Nerd_Font_Complete_Mono.ttf)
polybar|notice:  Loaded font "Material Icons:pixelsize=15" (name=Material Icons, offset=5, file=/usr/share/fonts/ttf-material-design-icons/MaterialIcons-Regular.ttf)
polybar|notice:  Loaded font "Sinji:pixelsize=15" (name=DejaVu Sans, offset=5, file=/usr/share/fonts/TTF/DejaVuSans.ttf)
polybar|notice:  Loaded font "Togalite medium:pixelsize=11" (name=Togalite, offset=2, file=/home/zodd/.fonts/togalite-medium.otf)
kitty
polybar|notice:  Termination signal received, shutting down...
polybar|warn:  Naming your configuration file 'config' is deprecated, the expected name is 'config.ini'.
polybar|notice:  Parsing config file: /home/kappablanca/.config/polybar/config
polybar|error: /home/kappablanca/.config/polybar/config:319: Value 'bspc rule -a \* -o state=floating ; sleep 0.015 ; kitty -e $SHELL -c 'yay -Qu | less'' of key 'click-right' contains one or more unescaped backslashes, please prepend them with the backslash escape character.
polybar|notice:  Loading module 'theme-swap' of type 'custom/script'
polybar|notice:  Loading module 'left1' of type 'custom/text'
polybar|notice:  Loading module 'bspwm' of type 'internal/bspwm'
polybar|notice:  Loading module 'left2' of type 'custom/text'
polybar|notice:  Loading module 'kernel-name' of type 'custom/script'
polybar|notice:  Loading module 'medium1' of type 'custom/text'
polybar|notice:  Loading module 'windowtitle' of type 'internal/xwindow'
polybar|notice:  Loading module 'spotify' of type 'custom/script'
polybar|notice:  Loading module 'medium2' of type 'custom/text'
polybar|notice:  Loading module 'notification-center' of type 'custom/script'
polybar|notice:  Loading module 'right1' of type 'custom/text'
polybar|notice:  Loading module 'pacman-updates' of type 'custom/script'
polybar|notice:  Loading module 'filesystem' of type 'internal/fs'
polybar|notice:  Loading module 'cpu' of type 'internal/cpu'
polybar|notice:  Loading module 'memory' of type 'internal/memory'
polybar|notice:  Loading module 'volume' of type 'internal/pulseaudio'
polybar|notice:  pulseaudio: using default sink alsa_output.usb-Kingston_HyperX_Cloud_Stinger_Core__Wireless______PS_000000000000-00.analog-stereo
polybar|notice:  Loading module 'date' of type 'internal/date'
polybar|notice:  Loading module 'right2' of type 'custom/text'
polybar|notice:  Loading module 'shutdown' of type 'custom/text'
polybar|notice:  Loaded 19 modules
polybar|notice:  Loaded font "Inconsolata CondensedBlack:size=13" (name=Inconsolata Condensed, offset=3, file=/home/kappablanca/.fonts/Inconsolata-CondensedBlack.otf)
polybar|notice:  Loaded font "SauceCodePro Nerd Font Mono:size=22" (name=SauceCodePro Nerd Font Mono, offset=6, file=/home/kappablanca/.fonts/Sauce Code Pro Nerd Font Complete Mono.ttf)
polybar|notice:  Loaded font "Material Icons:pixelsize=15" (name=Material Icons, offset=5, file=/usr/share/fonts/TTF/MaterialIcons-Regular.ttf)
polybar|notice:  Loaded font "Sinji:pixelsize=15" (name=Noto Sans, offset=5, file=/home/kappablanca/.local/share/fonts/panels/noto_sans.ttf)
polybar|notice:  Loaded font "Togalite medium:pixelsize=11" (name=Togalite, offset=2, file=/home/kappablanca/.fonts/Togalite-Medium.otf)
grep: /tmp/swallowids: No such file or directory
grep: /tmp/swallowids: No such file or directory
polybar|notice:  Received signal(15): Terminated
polybar|notice:  Termination signal received, shutting down...
